docs/src/easypackx/uniappx-native-android/iboxs-Zimfacade/build/intermediates/manifest_merge_blame_file/debug/processDebugManifest/manifest-merger-blame-debug-report.txt
1<?xml version="1.0" encoding="utf-8"?>
2<manifest xmlns:android="http://schemas.android.com/apk/res/android"
3    package="uts.sdk.modules.iboxsZimfacade" >
4
5    <uses-sdk android:minSdkVersion="21" />
6
7    <uses-permission android:name="android.permission.INTERNET" />
7-->src\main\AndroidManifest.xml:2:5-66
7-->src\main\AndroidManifest.xml:2:22-64
8    <uses-permission android:name="android.permission.ACCESS_NETWORK_STATE" />
8-->src\main\AndroidManifest.xml:3:5-78
8-->src\main\AndroidManifest.xml:3:22-76
9    <uses-permission android:name="android.permission.CAMERA" />
9-->src\main\AndroidManifest.xml:4:5-64
9-->src\main\AndroidManifest.xml:4:22-62
10    <uses-permission android:name="android.permission.RECORD_AUDIO" />
10-->src\main\AndroidManifest.xml:5:5-70
10-->src\main\AndroidManifest.xml:5:22-68
11    <uses-permission android:name="android.permission.FOREGROUND_SERVICE" />
11-->src\main\AndroidManifest.xml:6:5-76
11-->src\main\AndroidManifest.xml:6:22-74
12    <uses-permission android:name="android.permission.NFC" />
12-->src\main\AndroidManifest.xml:7:5-61
12-->src\main\AndroidManifest.xml:7:22-59
13
14</manifest>